{
  "stats": {
    "suites": 1,
    "tests": 1,
    "passes": 0,
    "pending": 0,
    "failures": 1,
    "start": "2024-01-18T10:36:23.190Z",
    "end": "2024-01-18T10:36:40.567Z",
    "duration": 17377,
    "testsRegistered": 1,
    "passPercent": 0,
    "pendingPercent": 0,
    "other": 0,
    "hasOther": false,
    "skipped": 0,
    "hasSkipped": false
  },
  "results": [
    {
      "uuid": "6664cca7-df81-4be9-b653-ccb58ba36cd1",
      "title": "",
      "fullFile": "cypress/integration/3-my-examples/15-shadowDom.js",
      "file": "cypress/integration/3-my-examples/15-shadowDom.js",
      "beforeHooks": [],
      "afterHooks": [],
      "tests": [],
      "suites": [
        {
          "uuid": "89269ac3-d078-4d8f-a458-4183360a347e",
          "title": "E2E - Clicking event",
          "fullFile": "",
          "file": "",
          "beforeHooks": [],
          "afterHooks": [],
          "tests": [
            {
              "title": "Clicking on an element",
              "fullTitle": "E2E - Clicking event Clicking on an element",
              "timedOut": null,
              "duration": 17167,
              "state": "failed",
              "speed": null,
              "pass": false,
              "fail": true,
              "pending": false,
              "context": null,
              "code": "cy.visit('/');\ncy.contains('[data-testid=\"search-submit\"]', 'Szukaj').click();\ncy.get('[href=\"/\"]').click();",
              "err": {
                "message": "CypressError: Timed out retrying after 10050ms: `cy.click()` failed because this element is detached from the DOM.\n\n`<a href=\"/\">...</a>`\n\nCypress requires elements be attached in the DOM to interact with them.\n\nThe previous command that ran was:\n\n  > `cy.get()`\n\nThis DOM element likely became detached somewhere between the previous and current command.\n\nCommon situations why this happens:\n  - Your JS framework re-rendered asynchronously\n  - Your app code reacted to an event firing and removed the element\n\nYou typically need to re-query for the element or add 'guards' which delay Cypress from running new commands.\n\nhttps://on.cypress.io/element-has-detached-from-dom",
                "estack": "CypressError: Timed out retrying after 10050ms: `cy.click()` failed because this element is detached from the DOM.\n\n`<a href=\"/\">...</a>`\n\nCypress requires elements be attached in the DOM to interact with them.\n\nThe previous command that ran was:\n\n  > `cy.get()`\n\nThis DOM element likely became detached somewhere between the previous and current command.\n\nCommon situations why this happens:\n  - Your JS framework re-rendered asynchronously\n  - Your app code reacted to an event firing and removed the element\n\nYou typically need to re-query for the element or add 'guards' which delay Cypress from running new commands.\n\nhttps://on.cypress.io/element-has-detached-from-dom\n    at $Cy.ensureAttached (https://www.olx.pl/__cypress/runner/cypress_runner.js:163896:76)\n    at runAllChecks (https://www.olx.pl/__cypress/runner/cypress_runner.js:150523:12)\n    at retryActionability (https://www.olx.pl/__cypress/runner/cypress_runner.js:150603:16)\n    at tryCatcher (https://www.olx.pl/__cypress/runner/cypress_runner.js:13022:23)\n    at Function.Promise.attempt.Promise.try (https://www.olx.pl/__cypress/runner/cypress_runner.js:10296:29)\n    at whenStable (https://www.olx.pl/__cypress/runner/cypress_runner.js:168760:63)\n    at https://www.olx.pl/__cypress/runner/cypress_runner.js:168257:14\n    at tryCatcher (https://www.olx.pl/__cypress/runner/cypress_runner.js:13022:23)\n    at Promise._settlePromiseFromHandler (https://www.olx.pl/__cypress/runner/cypress_runner.js:10957:31)\n    at Promise._settlePromise (https://www.olx.pl/__cypress/runner/cypress_runner.js:11014:18)\n    at Promise._settlePromise0 (https://www.olx.pl/__cypress/runner/cypress_runner.js:11059:10)\n    at Promise._settlePromises (https://www.olx.pl/__cypress/runner/cypress_runner.js:11139:18)\n    at Promise._fulfill (https://www.olx.pl/__cypress/runner/cypress_runner.js:11083:18)\n    at https://www.olx.pl/__cypress/runner/cypress_runner.js:12697:46\nFrom Your Spec Code:\n    at Context.eval (https://www.olx.pl/__cypress/tests?p=cypress\\integration\\3-my-examples\\2-clicking.js:104:26)",
                "diff": null
              },
              "uuid": "6b446aef-73ba-49d4-b2a0-94b2c432794c",
              "parentUUID": "89269ac3-d078-4d8f-a458-4183360a347e",
              "isHook": false,
              "skipped": false
            }
          ],
          "suites": [],
          "passes": [],
          "failures": [
            "6b446aef-73ba-49d4-b2a0-94b2c432794c"
          ],
          "pending": [],
          "skipped": [],
          "duration": 17167,
          "root": false,
          "rootEmpty": false,
          "_timeout": 2000
        }
      ],
      "passes": [],
      "failures": [],
      "pending": [],
      "skipped": [],
      "duration": 0,
      "root": true,
      "rootEmpty": true,
      "_timeout": 2000
    }
  ],
  "meta": {
    "mocha": {
      "version": "7.0.1"
    },
    "mochawesome": {
      "options": {
        "quiet": false,
        "reportFilename": "mochawesome",
        "saveHtml": false,
        "saveJson": true,
        "consoleReporter": "spec",
        "useInlineDiffs": false,
        "code": true
      },
      "version": "7.1.3"
    },
    "marge": {
      "options": {
        "id": "default",
        "reportDir": "cypress/results/mochawesome",
        "overwrite": false,
        "html": false,
        "json": true
      },
      "version": "6.2.0"
    }
  }
}