{
  "stats": {
    "suites": 1,
    "tests": 1,
    "passes": 1,
    "pending": 0,
    "failures": 0,
    "start": "2024-01-18T10:37:15.949Z",
    "end": "2024-01-18T10:37:25.108Z",
    "duration": 9159,
    "testsRegistered": 1,
    "passPercent": 100,
    "pendingPercent": 0,
    "other": 0,
    "hasOther": false,
    "skipped": 0,
    "hasSkipped": false
  },
  "results": [
    {
      "uuid": "39731253-fc66-4bbf-bbdd-873aa91378d4",
      "title": "",
      "fullFile": "cypress/integration/3-my-examples/3-UseInputs.js",
      "file": "cypress/integration/3-my-examples/3-UseInputs.js",
      "beforeHooks": [],
      "afterHooks": [],
      "tests": [],
      "suites": [
        {
          "uuid": "50870073-eccd-4b1b-9d54-c4403749b18a",
          "title": "E2E - Invoke method",
          "fullFile": "",
          "file": "",
          "beforeHooks": [],
          "afterHooks": [],
          "tests": [
            {
              "title": "Invoke",
              "fullTitle": "E2E - Invoke method Invoke",
              "timedOut": null,
              "duration": 8894,
              "state": "passed",
              "speed": "medium",
              "pass": true,
              "fail": false,
              "pending": false,
              "context": null,
              "code": "cy.visit('/'); // Pobieranie wartości z danego elementu\ncy.contains('[data-testid=\"search-submit\"]', 'Szukaj').invoke('text').then(text => {\n  cy.log(text);\n}); // Uzyskanie dostępu do wartości atrybutu\ncy.contains('[data-testid=\"search-submit\"]', 'Szukaj').invoke('attr', 'type').then(type => {\n  cy.log(type);\n}); // Pobieranie wartości value\ncy.get('#onetrust-accept-btn-handler').click();\ncy.get('#search').type('szafa', {\n  delay: 200\n});\ncy.get('#search').invoke('prop', 'value').then(value => {\n  cy.log(value);\n});",
              "err": {},
              "uuid": "e354fbcb-1d0a-4ed9-a63e-03942f615867",
              "parentUUID": "50870073-eccd-4b1b-9d54-c4403749b18a",
              "isHook": false,
              "skipped": false
            }
          ],
          "suites": [],
          "passes": [
            "e354fbcb-1d0a-4ed9-a63e-03942f615867"
          ],
          "failures": [],
          "pending": [],
          "skipped": [],
          "duration": 8894,
          "root": false,
          "rootEmpty": false,
          "_timeout": 2000
        }
      ],
      "passes": [],
      "failures": [],
      "pending": [],
      "skipped": [],
      "duration": 0,
      "root": true,
      "rootEmpty": true,
      "_timeout": 2000
    }
  ],
  "meta": {
    "mocha": {
      "version": "7.0.1"
    },
    "mochawesome": {
      "options": {
        "quiet": false,
        "reportFilename": "mochawesome",
        "saveHtml": false,
        "saveJson": true,
        "consoleReporter": "spec",
        "useInlineDiffs": false,
        "code": true
      },
      "version": "7.1.3"
    },
    "marge": {
      "options": {
        "id": "default",
        "reportDir": "cypress/results/mochawesome",
        "overwrite": false,
        "html": false,
        "json": true
      },
      "version": "6.2.0"
    }
  }
}