{
  "stats": {
    "suites": 1,
    "tests": 1,
    "passes": 0,
    "pending": 0,
    "failures": 1,
    "start": "2024-01-18T10:39:27.802Z",
    "end": "2024-01-18T10:39:28.771Z",
    "duration": 969,
    "testsRegistered": 1,
    "passPercent": 0,
    "pendingPercent": 0,
    "other": 0,
    "hasOther": false,
    "skipped": 0,
    "hasSkipped": false
  },
  "results": [
    {
      "uuid": "ed856b44-ca3b-4490-b651-27bc4b9baec1",
      "title": "",
      "fullFile": "cypress/integration/3-my-examples/api/firstTestApi.js",
      "file": "cypress/integration/3-my-examples/api/firstTestApi.js",
      "beforeHooks": [],
      "afterHooks": [],
      "tests": [],
      "suites": [
        {
          "uuid": "c2cb4423-6431-4f71-b383-285c2d06731b",
          "title": "E2E - executing the query directly to the API",
          "fullFile": "",
          "file": "",
          "beforeHooks": [],
          "afterHooks": [],
          "tests": [
            {
              "title": "Authorization and add article",
              "fullTitle": "E2E - executing the query directly to the API Authorization and add article",
              "timedOut": null,
              "duration": 872,
              "state": "failed",
              "speed": null,
              "pass": false,
              "fail": true,
              "pending": false,
              "context": null,
              "code": "const authData = {\n  \"user\": {\n    \"email\": \"piwonskipiotrp@gmail.com\",\n    \"password\": \"Piotrek@\"\n  }\n};\nconst article = {\n  \"article\": {\n    \"tagList\": [],\n    \"title\": \"test tytuł xxxxxyyy\",\n    \"description\": \"test\",\n    \"body\": \"test\"\n  }\n};\ncy.request('POST', 'https://api.realworld.io/api/users/login', authData).its('body').then(res => {\n  const authToken = res.user.token;\n  console.log(authToken);\n  cy.request({\n    method: 'POST',\n    url: 'https://api.realworld.io/api/articles/',\n    body: article,\n    headers: {\n      \"Authorization\": \"Token \" + authToken\n    }\n  }).then(res => {\n    expect(res.status).to.equal(201);\n  });\n});",
              "err": {
                "message": "CypressError: `cy.request()` failed on:\n\nhttps://api.realworld.io/api/articles/\n\nThe response we received from your web server was:\n\n  > 422: Unprocessable Entity\n\nThis was considered a failure because the status code was not `2xx` or `3xx`.\n\nIf you do not want status codes to cause failures pass the option: `failOnStatusCode: false`\n\n-----------------------------------------------------------\n\nThe request we sent was:\n\nMethod: POST\nURL: https://api.realworld.io/api/articles/\nHeaders: {\n  \"Connection\": \"keep-alive\",\n  \"Authorization\": \"Token eyJhbGciOiJIUzI1NiIsInR5cCI6IkpXVCJ9.eyJ1c2VyIjp7ImlkIjozNTQ2fSwiaWF0IjoxNzA1NTc0MzY4LCJleHAiOjE3MTA3NTgzNjh9.Fw1fId7azPzbiRzBD-2rqjoejOld8zfTrA6dp5rz0ew\",\n  \"user-agent\": \"Mozilla/5.0 (Windows NT 10.0; Win64; x64) AppleWebKit/537.36 (KHTML, like Gecko) Cypress/9.5.1 Chrome/94.0.4606.81 Electron/15.3.4 Safari/537.36\",\n  \"accept\": \"*/*\",\n  \"accept-encoding\": \"gzip, deflate\",\n  \"content-type\": \"application/json\",\n  \"content-length\": 92\n}\nBody: {\"article\":{\"tagList\":[],\"title\":\"test tytuł xxxxxyyy\",\"description\":\"test\",\"body\":\"test\"}}\n\n-----------------------------------------------------------\n\nThe response we got was:\n\nStatus: 422 - Unprocessable Entity\nHeaders: {\n  \"date\": \"Thu, 18 Jan 2024 10:39:29 GMT\",\n  \"content-type\": \"application/json; charset=utf-8\",\n  \"content-length\": \"39\",\n  \"connection\": \"keep-alive\",\n  \"report-to\": \"{\\\"group\\\":\\\"heroku-nel\\\",\\\"max_age\\\":3600,\\\"endpoints\\\":[{\\\"url\\\":\\\"https://nel.heroku.com/reports?ts=1705574368&sid=c46efe9b-d3d2-4a0c-8c76-bfafa16c5add&s=lrHMR39E%2FZHli9m24nnYDk3GZ7E3WEAPN3%2FtJpfYm8k%3D\\\"}]}\",\n  \"reporting-endpoints\": \"heroku-nel=https://nel.heroku.com/reports?ts=1705574368&sid=c46efe9b-d3d2-4a0c-8c76-bfafa16c5add&s=lrHMR39E%2FZHli9m24nnYDk3GZ7E3WEAPN3%2FtJpfYm8k%3D\",\n  \"nel\": \"{\\\"report_to\\\":\\\"heroku-nel\\\",\\\"max_age\\\":3600,\\\"success_fraction\\\":0.005,\\\"failure_fraction\\\":0.05,\\\"response_headers\\\":[\\\"Via\\\"]}\",\n  \"x-powered-by\": \"Express\",\n  \"access-control-allow-origin\": \"*\",\n  \"etag\": \"W/\\\"27-BNeuaWQ7DHvW/r+pl+qdJiF06Is\\\"\",\n  \"via\": \"1.1 vegur\",\n  \"cf-cache-status\": \"DYNAMIC\",\n  \"server\": \"cloudflare\",\n  \"cf-ray\": \"847636dceeb3f2d8-WAW\",\n  \"alt-svc\": \"h3=\\\":443\\\"; ma=86400\"\n}\nBody: {\n  \"errors\": {\n    \"title\": [\n      \"must be unique\"\n    ]\n  }\n}\n\n\nhttps://on.cypress.io/request",
                "estack": "CypressError: `cy.request()` failed on:\n\nhttps://api.realworld.io/api/articles/\n\nThe response we received from your web server was:\n\n  > 422: Unprocessable Entity\n\nThis was considered a failure because the status code was not `2xx` or `3xx`.\n\nIf you do not want status codes to cause failures pass the option: `failOnStatusCode: false`\n\n-----------------------------------------------------------\n\nThe request we sent was:\n\nMethod: POST\nURL: https://api.realworld.io/api/articles/\nHeaders: {\n  \"Connection\": \"keep-alive\",\n  \"Authorization\": \"Token eyJhbGciOiJIUzI1NiIsInR5cCI6IkpXVCJ9.eyJ1c2VyIjp7ImlkIjozNTQ2fSwiaWF0IjoxNzA1NTc0MzY4LCJleHAiOjE3MTA3NTgzNjh9.Fw1fId7azPzbiRzBD-2rqjoejOld8zfTrA6dp5rz0ew\",\n  \"user-agent\": \"Mozilla/5.0 (Windows NT 10.0; Win64; x64) AppleWebKit/537.36 (KHTML, like Gecko) Cypress/9.5.1 Chrome/94.0.4606.81 Electron/15.3.4 Safari/537.36\",\n  \"accept\": \"*/*\",\n  \"accept-encoding\": \"gzip, deflate\",\n  \"content-type\": \"application/json\",\n  \"content-length\": 92\n}\nBody: {\"article\":{\"tagList\":[],\"title\":\"test tytuł xxxxxyyy\",\"description\":\"test\",\"body\":\"test\"}}\n\n-----------------------------------------------------------\n\nThe response we got was:\n\nStatus: 422 - Unprocessable Entity\nHeaders: {\n  \"date\": \"Thu, 18 Jan 2024 10:39:29 GMT\",\n  \"content-type\": \"application/json; charset=utf-8\",\n  \"content-length\": \"39\",\n  \"connection\": \"keep-alive\",\n  \"report-to\": \"{\\\"group\\\":\\\"heroku-nel\\\",\\\"max_age\\\":3600,\\\"endpoints\\\":[{\\\"url\\\":\\\"https://nel.heroku.com/reports?ts=1705574368&sid=c46efe9b-d3d2-4a0c-8c76-bfafa16c5add&s=lrHMR39E%2FZHli9m24nnYDk3GZ7E3WEAPN3%2FtJpfYm8k%3D\\\"}]}\",\n  \"reporting-endpoints\": \"heroku-nel=https://nel.heroku.com/reports?ts=1705574368&sid=c46efe9b-d3d2-4a0c-8c76-bfafa16c5add&s=lrHMR39E%2FZHli9m24nnYDk3GZ7E3WEAPN3%2FtJpfYm8k%3D\",\n  \"nel\": \"{\\\"report_to\\\":\\\"heroku-nel\\\",\\\"max_age\\\":3600,\\\"success_fraction\\\":0.005,\\\"failure_fraction\\\":0.05,\\\"response_headers\\\":[\\\"Via\\\"]}\",\n  \"x-powered-by\": \"Express\",\n  \"access-control-allow-origin\": \"*\",\n  \"etag\": \"W/\\\"27-BNeuaWQ7DHvW/r+pl+qdJiF06Is\\\"\",\n  \"via\": \"1.1 vegur\",\n  \"cf-cache-status\": \"DYNAMIC\",\n  \"server\": \"cloudflare\",\n  \"cf-ray\": \"847636dceeb3f2d8-WAW\",\n  \"alt-svc\": \"h3=\\\":443\\\"; ma=86400\"\n}\nBody: {\n  \"errors\": {\n    \"title\": [\n      \"must be unique\"\n    ]\n  }\n}\n\n\nhttps://on.cypress.io/request\n    at https://www.olx.pl/__cypress/runner/cypress_runner.js:160634:80\n    at tryCatcher (https://www.olx.pl/__cypress/runner/cypress_runner.js:13022:23)\n    at Promise._settlePromiseFromHandler (https://www.olx.pl/__cypress/runner/cypress_runner.js:10957:31)\n    at Promise._settlePromise (https://www.olx.pl/__cypress/runner/cypress_runner.js:11014:18)\n    at Promise._settlePromise0 (https://www.olx.pl/__cypress/runner/cypress_runner.js:11059:10)\n    at Promise._settlePromises (https://www.olx.pl/__cypress/runner/cypress_runner.js:11139:18)\n    at _drainQueueStep (https://www.olx.pl/__cypress/runner/cypress_runner.js:7729:12)\n    at _drainQueue (https://www.olx.pl/__cypress/runner/cypress_runner.js:7722:9)\n    at Async.../../node_modules/bluebird/js/release/async.js.Async._drainQueues (https://www.olx.pl/__cypress/runner/cypress_runner.js:7738:5)\n    at Async.drainQueues (https://www.olx.pl/__cypress/runner/cypress_runner.js:7608:14)\nFrom Your Spec Code:\n    at Context.eval (https://www.olx.pl/__cypress/tests?p=cypress\\integration\\3-my-examples\\api\\secondTestApi.js:125:10)",
                "diff": null
              },
              "uuid": "f07acbba-fde2-471a-9e2a-620ce97eb711",
              "parentUUID": "c2cb4423-6431-4f71-b383-285c2d06731b",
              "isHook": false,
              "skipped": false
            }
          ],
          "suites": [],
          "passes": [],
          "failures": [
            "f07acbba-fde2-471a-9e2a-620ce97eb711"
          ],
          "pending": [],
          "skipped": [],
          "duration": 872,
          "root": false,
          "rootEmpty": false,
          "_timeout": 2000
        }
      ],
      "passes": [],
      "failures": [],
      "pending": [],
      "skipped": [],
      "duration": 0,
      "root": true,
      "rootEmpty": true,
      "_timeout": 2000
    }
  ],
  "meta": {
    "mocha": {
      "version": "7.0.1"
    },
    "mochawesome": {
      "options": {
        "quiet": false,
        "reportFilename": "mochawesome",
        "saveHtml": false,
        "saveJson": true,
        "consoleReporter": "spec",
        "useInlineDiffs": false,
        "code": true
      },
      "version": "7.1.3"
    },
    "marge": {
      "options": {
        "id": "default",
        "reportDir": "cypress/results/mochawesome",
        "overwrite": false,
        "html": false,
        "json": true
      },
      "version": "6.2.0"
    }
  }
}