{
  "stats": {
    "suites": 1,
    "tests": 1,
    "passes": 0,
    "pending": 0,
    "failures": 1,
    "start": "2024-01-18T10:35:56.392Z",
    "end": "2024-01-18T10:35:56.820Z",
    "duration": 428,
    "testsRegistered": 1,
    "passPercent": 0,
    "pendingPercent": 0,
    "other": 0,
    "hasOther": false,
    "skipped": 0,
    "hasSkipped": false
  },
  "results": [
    {
      "uuid": "aafbf377-4b43-469a-8fc6-2fc2d928a847",
      "title": "",
      "fullFile": "cypress/integration/3-my-examples/12-customCommands.js",
      "file": "cypress/integration/3-my-examples/12-customCommands.js",
      "beforeHooks": [],
      "afterHooks": [],
      "tests": [],
      "suites": [
        {
          "uuid": "46c48115-a86c-4a06-830c-9fac13d42872",
          "title": "LightHouse test",
          "fullFile": "",
          "file": "",
          "beforeHooks": [],
          "afterHooks": [],
          "tests": [
            {
              "title": "first lighthouse test",
              "fullTitle": "LightHouse test first lighthouse test",
              "timedOut": null,
              "duration": 329,
              "state": "failed",
              "speed": null,
              "pass": false,
              "fail": true,
              "pending": false,
              "context": null,
              "code": "cy.visit('https://testowanie-oprogramowania.pl');\ncy.lighthouse({\n  performance: 85,\n  accessibility: 100,\n  \"best-practices\": 85,\n  seo: 85,\n  pwa: 100\n});",
              "err": {
                "message": "TypeError: cy.lighthouse is not a function",
                "estack": "TypeError: cy.lighthouse is not a function\n    at Context.eval (https://www.olx.pl/__cypress/tests?p=cypress\\integration\\3-my-examples\\13-lighthouse.js:102:8)",
                "diff": null
              },
              "uuid": "d981012e-5f19-4946-a818-e80c7e4d6817",
              "parentUUID": "46c48115-a86c-4a06-830c-9fac13d42872",
              "isHook": false,
              "skipped": false
            }
          ],
          "suites": [],
          "passes": [],
          "failures": [
            "d981012e-5f19-4946-a818-e80c7e4d6817"
          ],
          "pending": [],
          "skipped": [],
          "duration": 329,
          "root": false,
          "rootEmpty": false,
          "_timeout": 2000
        }
      ],
      "passes": [],
      "failures": [],
      "pending": [],
      "skipped": [],
      "duration": 0,
      "root": true,
      "rootEmpty": true,
      "_timeout": 2000
    }
  ],
  "meta": {
    "mocha": {
      "version": "7.0.1"
    },
    "mochawesome": {
      "options": {
        "quiet": false,
        "reportFilename": "mochawesome",
        "saveHtml": false,
        "saveJson": true,
        "consoleReporter": "spec",
        "useInlineDiffs": false,
        "code": true
      },
      "version": "7.1.3"
    },
    "marge": {
      "options": {
        "id": "default",
        "reportDir": "cypress/results/mochawesome",
        "overwrite": false,
        "html": false,
        "json": true
      },
      "version": "6.2.0"
    }
  }
}