{
  "stats": {
    "suites": 1,
    "tests": 1,
    "passes": 1,
    "pending": 0,
    "failures": 0,
    "start": "2024-01-18T10:35:38.421Z",
    "end": "2024-01-18T10:35:49.582Z",
    "duration": 11161,
    "testsRegistered": 1,
    "passPercent": 100,
    "pendingPercent": 0,
    "other": 0,
    "hasOther": false,
    "skipped": 0,
    "hasSkipped": false
  },
  "results": [
    {
      "uuid": "f29cd228-ea71-45fb-a95e-ec8c43a9eea2",
      "title": "",
      "fullFile": "cypress/integration/3-my-examples/11-examplePageObjectModel.js",
      "file": "cypress/integration/3-my-examples/11-examplePageObjectModel.js",
      "beforeHooks": [],
      "afterHooks": [],
      "tests": [],
      "suites": [
        {
          "uuid": "249bf135-61d7-4391-ac5b-17b59f66a930",
          "title": "E2E - Custom Commands",
          "fullFile": "",
          "file": "",
          "beforeHooks": [],
          "afterHooks": [],
          "tests": [
            {
              "title": "Custom commands",
              "fullTitle": "E2E - Custom Commands Custom commands",
              "timedOut": null,
              "duration": 10617,
              "state": "passed",
              "speed": "slow",
              "pass": true,
              "fail": false,
              "pending": false,
              "context": null,
              "code": "cy.openJobTab();",
              "err": {},
              "uuid": "ad4547da-ef41-4c9e-9438-f178ff9d5338",
              "parentUUID": "249bf135-61d7-4391-ac5b-17b59f66a930",
              "isHook": false,
              "skipped": false
            }
          ],
          "suites": [],
          "passes": [
            "ad4547da-ef41-4c9e-9438-f178ff9d5338"
          ],
          "failures": [],
          "pending": [],
          "skipped": [],
          "duration": 10617,
          "root": false,
          "rootEmpty": false,
          "_timeout": 2000
        }
      ],
      "passes": [],
      "failures": [],
      "pending": [],
      "skipped": [],
      "duration": 0,
      "root": true,
      "rootEmpty": true,
      "_timeout": 2000
    }
  ],
  "meta": {
    "mocha": {
      "version": "7.0.1"
    },
    "mochawesome": {
      "options": {
        "quiet": false,
        "reportFilename": "mochawesome",
        "saveHtml": false,
        "saveJson": true,
        "consoleReporter": "spec",
        "useInlineDiffs": false,
        "code": true
      },
      "version": "7.1.3"
    },
    "marge": {
      "options": {
        "id": "default",
        "reportDir": "cypress/results/mochawesome",
        "overwrite": false,
        "html": false,
        "json": true
      },
      "version": "6.2.0"
    }
  }
}