{
  "stats": {
    "suites": 1,
    "tests": 1,
    "passes": 0,
    "pending": 0,
    "failures": 1,
    "start": "2024-01-18T10:38:18.518Z",
    "end": "2024-01-18T10:38:35.017Z",
    "duration": 16499,
    "testsRegistered": 1,
    "passPercent": 0,
    "pendingPercent": 0,
    "other": 0,
    "hasOther": false,
    "skipped": 0,
    "hasSkipped": false
  },
  "results": [
    {
      "uuid": "5dfa1834-440b-4ce8-9352-546cbe43dcd8",
      "title": "",
      "fullFile": "cypress/integration/3-my-examples/7-alerts.js",
      "file": "cypress/integration/3-my-examples/7-alerts.js",
      "beforeHooks": [],
      "afterHooks": [],
      "tests": [],
      "suites": [
        {
          "uuid": "c1119fc4-f5a1-4f80-99cd-65658a599f35",
          "title": "E2E - File upload",
          "fullFile": "",
          "file": "",
          "beforeHooks": [],
          "afterHooks": [],
          "tests": [
            {
              "title": "File upload",
              "fullTitle": "E2E - File upload File upload",
              "timedOut": null,
              "duration": 16325,
              "state": "failed",
              "speed": null,
              "pass": false,
              "fail": true,
              "pending": false,
              "context": null,
              "code": "cy.visit('/');\ncy.get('#jakiś_selektor').attachFile('../fixture/example.jpg'); //lokalizator do miejsca gdzie wyświetla się nazawa podanego pliku\n// should działa jak expect - czy zawartość się zgadza\ncy.get('span.jakaś_klasa').should('contain', 'example.jpg');",
              "err": {
                "message": "AssertionError: Timed out retrying after 10000ms: Expected to find element: `#jakiś_selektor`, but never found it.",
                "estack": "AssertionError: Timed out retrying after 10000ms: Expected to find element: `#jakiś_selektor`, but never found it.\n    at Context.eval (https://www.olx.pl/__cypress/tests?p=cypress\\integration\\3-my-examples\\8-file_upload.js:103:8)",
                "diff": null
              },
              "uuid": "feba30d0-b914-4a39-b6ae-9a22b731fc4c",
              "parentUUID": "c1119fc4-f5a1-4f80-99cd-65658a599f35",
              "isHook": false,
              "skipped": false
            }
          ],
          "suites": [],
          "passes": [],
          "failures": [
            "feba30d0-b914-4a39-b6ae-9a22b731fc4c"
          ],
          "pending": [],
          "skipped": [],
          "duration": 16325,
          "root": false,
          "rootEmpty": false,
          "_timeout": 2000
        }
      ],
      "passes": [],
      "failures": [],
      "pending": [],
      "skipped": [],
      "duration": 0,
      "root": true,
      "rootEmpty": true,
      "_timeout": 2000
    }
  ],
  "meta": {
    "mocha": {
      "version": "7.0.1"
    },
    "mochawesome": {
      "options": {
        "quiet": false,
        "reportFilename": "mochawesome",
        "saveHtml": false,
        "saveJson": true,
        "consoleReporter": "spec",
        "useInlineDiffs": false,
        "code": true
      },
      "version": "7.1.3"
    },
    "marge": {
      "options": {
        "id": "default",
        "reportDir": "cypress/results/mochawesome",
        "overwrite": false,
        "html": false,
        "json": true
      },
      "version": "6.2.0"
    }
  }
}