{
  "stats": {
    "suites": 1,
    "tests": 1,
    "passes": 0,
    "pending": 0,
    "failures": 1,
    "start": "2024-01-18T10:35:02.200Z",
    "end": "2024-01-18T10:35:18.320Z",
    "duration": 16120,
    "testsRegistered": 1,
    "passPercent": 0,
    "pendingPercent": 0,
    "other": 0,
    "hasOther": false,
    "skipped": 0,
    "hasSkipped": false
  },
  "results": [
    {
      "uuid": "038057bc-ba10-4581-b65f-a76b714f2207",
      "title": "",
      "fullFile": "cypress/integration/3-my-examples/10-assertions.js",
      "file": "cypress/integration/3-my-examples/10-assertions.js",
      "beforeHooks": [],
      "afterHooks": [],
      "tests": [],
      "suites": [
        {
          "uuid": "94a0c72c-3870-41d5-8fc4-c0e697ba17b7",
          "title": "E2E - Assertions",
          "fullFile": "",
          "file": "",
          "beforeHooks": [],
          "afterHooks": [],
          "tests": [
            {
              "title": "Assertions expect and should",
              "fullTitle": "E2E - Assertions Assertions expect and should",
              "timedOut": null,
              "duration": 15982,
              "state": "failed",
              "speed": null,
              "pass": false,
              "fail": true,
              "pending": false,
              "context": null,
              "code": "cy.visit('/'); // Weryfikacja tekstu\ncy.get('[data-testid=\"home-categories-title\"]').should('contain', 'Kategorie główne');\ncy.get('[data-testid=\"home-categories-title\"]').then(text => {\n  expect(text).to.contain('Kategorie główne');\n}); // Sprawdzenie czy nie zawiera tekstu\ncy.get('[data-testid=\"home-categories-title\"]').should('not.contain', 'cokolwiek czego nie ma');\ncy.get('[data-testid=\"home-categories-title\"]').then(text => {\n  expect(text).not.to.contain('cokolwiek czego nie ma');\n}); // Weryfikacja czy znacznik posiada klasę\ncy.get('[data-cy=\"search-bar-input\"]').should('have.class', 'css-5wwtjc');\ncy.get('[data-cy=\"search-bar-input\"]').then(className => {\n  expect(className).to.have.class('css-5wwtjc');\n}); // Czy element jest widoczny\ncy.get('[data-cy=\"search-bar-input\"]').should('be.visible');\ncy.get('[data-cy=\"search-bar-input\"]').then(element => {\n  expect(element).to.be.visible;\n}); // Weryfikacja ilości pobranych elementów\ncy.get('[data-cy=\"home-categories-menu-row\"]').find('a').should('have.length', 24);\ncy.get('[data-cy=\"home-categories-menu-row\"]').find('a').then(element => {\n  expect(element).to.have.length(24);\n}); // Weryfikacja wartości css danego elementu\ncy.get('[data-cy=\"search-bar-input\"]').should('have.css', 'font-size', '16px');\ncy.get('[data-cy=\"search-bar-input\"]').then(element => {\n  expect(element).to.have.css('font-size', '16px');\n});",
              "err": {
                "message": "AssertionError: Timed out retrying after 10000ms: Not enough elements found. Found '23', expected '24'.",
                "estack": "AssertionError: Timed out retrying after 10000ms: Not enough elements found. Found '23', expected '24'.\n    at Context.eval (https://www.olx.pl/__cypress/tests?p=cypress\\integration\\3-my-examples\\10-assertions.js:124:62)",
                "diff": "- 23\n+ 24\n"
              },
              "uuid": "5c870b29-46d4-4f73-bc97-27eba4ad3c30",
              "parentUUID": "94a0c72c-3870-41d5-8fc4-c0e697ba17b7",
              "isHook": false,
              "skipped": false
            }
          ],
          "suites": [],
          "passes": [],
          "failures": [
            "5c870b29-46d4-4f73-bc97-27eba4ad3c30"
          ],
          "pending": [],
          "skipped": [],
          "duration": 15982,
          "root": false,
          "rootEmpty": false,
          "_timeout": 2000
        }
      ],
      "passes": [],
      "failures": [],
      "pending": [],
      "skipped": [],
      "duration": 0,
      "root": true,
      "rootEmpty": true,
      "_timeout": 2000
    }
  ],
  "meta": {
    "mocha": {
      "version": "7.0.1"
    },
    "mochawesome": {
      "options": {
        "quiet": false,
        "reportFilename": "mochawesome",
        "saveHtml": false,
        "saveJson": true,
        "consoleReporter": "spec",
        "useInlineDiffs": false,
        "code": true
      },
      "version": "7.1.3"
    },
    "marge": {
      "options": {
        "id": "default",
        "reportDir": "cypress/results/mochawesome",
        "overwrite": false,
        "html": false,
        "json": true
      },
      "version": "6.2.0"
    }
  }
}