{
  "stats": {
    "suites": 1,
    "tests": 1,
    "passes": 1,
    "pending": 0,
    "failures": 0,
    "start": "2024-01-18T10:33:57.539Z",
    "end": "2024-01-18T10:34:03.498Z",
    "duration": 5959,
    "testsRegistered": 1,
    "passPercent": 100,
    "pendingPercent": 0,
    "other": 0,
    "hasOther": false,
    "skipped": 0,
    "hasSkipped": false
  },
  "results": [
    {
      "uuid": "cfdd9110-2dec-4d9f-87f6-6685840aa4f4",
      "title": "",
      "fullFile": "cypress/integration/3-my-examples/1-locators.js",
      "file": "cypress/integration/3-my-examples/1-locators.js",
      "beforeHooks": [],
      "afterHooks": [],
      "tests": [],
      "suites": [
        {
          "uuid": "480f9d14-7948-4c70-baf8-37c81fa0a11c",
          "title": "E2E - Home Page",
          "fullFile": "",
          "file": "",
          "beforeHooks": [],
          "afterHooks": [],
          "tests": [
            {
              "title": "Get items from olx.pl",
              "fullTitle": "E2E - Home Page Get items from olx.pl",
              "timedOut": null,
              "duration": 5611,
              "state": "passed",
              "speed": "medium",
              "pass": true,
              "fail": false,
              "pending": false,
              "context": null,
              "code": "cy.visit(\"/\");\ncy.contains('Kategorie główne');\ncy.contains('[data-cy=\"home-categories-title\"]', 'Kategorie główne');\ncy.get('li').parents('.css-12bpg3w').find('li').eq(1);\ncy.get('li').parents('.css-12bpg3w').find('li').contains('Pomoc');",
              "err": {},
              "uuid": "ffb83b98-5e1b-4580-a2c2-8e063ebd8c98",
              "parentUUID": "480f9d14-7948-4c70-baf8-37c81fa0a11c",
              "isHook": false,
              "skipped": false
            }
          ],
          "suites": [],
          "passes": [
            "ffb83b98-5e1b-4580-a2c2-8e063ebd8c98"
          ],
          "failures": [],
          "pending": [],
          "skipped": [],
          "duration": 5611,
          "root": false,
          "rootEmpty": false,
          "_timeout": 2000
        }
      ],
      "passes": [],
      "failures": [],
      "pending": [],
      "skipped": [],
      "duration": 0,
      "root": true,
      "rootEmpty": true,
      "_timeout": 2000
    }
  ],
  "meta": {
    "mocha": {
      "version": "7.0.1"
    },
    "mochawesome": {
      "options": {
        "quiet": false,
        "reportFilename": "mochawesome",
        "saveHtml": false,
        "saveJson": true,
        "consoleReporter": "spec",
        "useInlineDiffs": false,
        "code": true
      },
      "version": "7.1.3"
    },
    "marge": {
      "options": {
        "id": "default",
        "reportDir": "cypress/results/mochawesome",
        "overwrite": false,
        "html": false,
        "json": true
      },
      "version": "6.2.0"
    }
  }
}