<?xml version="1.0" encoding="UTF-8"?>
<testsuites name="Mocha Tests" time="3.543" tests="1" failures="0">
  <testsuite name="Root Suite" timestamp="2024-01-18T10:36:13" tests="0" file="cypress/integration/3-my-examples/14-variables.js" time="0.000" failures="0">
  </testsuite>
  <testsuite name="E2E - Shadow DOM" timestamp="2024-01-18T10:36:13" tests="1" time="3.505" failures="0">
    <testcase name="E2E - Shadow DOM Use shadow method" time="1.258" classname="Use shadow method">
    </testcase>
  </testsuite>
</testsuites>