<?xml version="1.0" encoding="UTF-8"?>
<testsuites name="Mocha Tests" time="0.474" tests="1" failures="1">
  <testsuite name="Root Suite" timestamp="2024-01-18T10:31:50" tests="0" file="cypress/integration/2-advanced-examples/local_storage.spec.js" time="0.000" failures="0">
  </testsuite>
  <testsuite name="Local Storage" timestamp="2024-01-18T10:31:50" tests="1" time="0.441" failures="1">
    <testcase name="Local Storage &quot;before each&quot; hook for &quot;cy.clearLocalStorage() - clear all data in local storage&quot;" time="0.000" classname="&quot;before each&quot; hook for &quot;cy.clearLocalStorage() - clear all data in local storage&quot;">
      <failure message="`cy.visit()` failed trying to load:

https://example.cypress.io/commands/local-storage

The response we received from your web server was:

  &gt; 404: Not Found

This was considered a failure because the status code was not `2xx`.

If you do not want status codes to cause failures pass the option: `failOnStatusCode: false`

Because this error occurred during a `before each` hook we are skipping the remaining tests in the current suite: `Local Storage`" type="CypressError"><![CDATA[CypressError: `cy.visit()` failed trying to load:

https://example.cypress.io/commands/local-storage

The response we received from your web server was:

  > 404: Not Found

This was considered a failure because the status code was not `2xx`.

If you do not want status codes to cause failures pass the option: `failOnStatusCode: false`

Because this error occurred during a `before each` hook we are skipping the remaining tests in the current suite: `Local Storage`
    at https://www.olx.pl/__cypress/runner/cypress_runner.js:159277:84
    at visitFailedByErr (https://www.olx.pl/__cypress/runner/cypress_runner.js:158643:12)
    at https://www.olx.pl/__cypress/runner/cypress_runner.js:159257:13
    at tryCatcher (https://www.olx.pl/__cypress/runner/cypress_runner.js:13022:23)
    at Promise._settlePromiseFromHandler (https://www.olx.pl/__cypress/runner/cypress_runner.js:10957:31)
    at Promise._settlePromise (https://www.olx.pl/__cypress/runner/cypress_runner.js:11014:18)
    at Promise._settlePromise0 (https://www.olx.pl/__cypress/runner/cypress_runner.js:11059:10)
    at Promise._settlePromises (https://www.olx.pl/__cypress/runner/cypress_runner.js:11135:18)
    at _drainQueueStep (https://www.olx.pl/__cypress/runner/cypress_runner.js:7729:12)
    at _drainQueue (https://www.olx.pl/__cypress/runner/cypress_runner.js:7722:9)
    at Async.../../node_modules/bluebird/js/release/async.js.Async._drainQueues (https://www.olx.pl/__cypress/runner/cypress_runner.js:7738:5)
    at Async.drainQueues (https://www.olx.pl/__cypress/runner/cypress_runner.js:7608:14)
From Your Spec Code:
    at Context.eval (https://www.olx.pl/__cypress/tests?p=cypress\integration\2-advanced-examples\local_storage.spec.js:102:8)]]></failure>
    </testcase>
  </testsuite>
</testsuites>