<?xml version="1.0" encoding="UTF-8"?>
<testsuites name="Mocha Tests" time="3.261" tests="5" failures="0">
  <testsuite name="Root Suite" timestamp="2024-01-18T10:31:01" tests="0" file="cypress/integration/2-advanced-examples/cookies.spec.js" time="0.000" failures="0">
  </testsuite>
  <testsuite name="Cookies" timestamp="2024-01-18T10:31:01" tests="5" time="3.235" failures="0">
    <testcase name="Cookies cy.getCookie() - get a browser cookie" time="0.608" classname="cy.getCookie() - get a browser cookie">
    </testcase>
    <testcase name="Cookies cy.getCookies() - get browser cookies" time="0.396" classname="cy.getCookies() - get browser cookies">
    </testcase>
    <testcase name="Cookies cy.setCookie() - set a browser cookie" time="0.250" classname="cy.setCookie() - set a browser cookie">
    </testcase>
    <testcase name="Cookies cy.clearCookie() - clear a browser cookie" time="0.361" classname="cy.clearCookie() - clear a browser cookie">
    </testcase>
    <testcase name="Cookies cy.clearCookies() - clear browser cookies" time="0.344" classname="cy.clearCookies() - clear browser cookies">
    </testcase>
  </testsuite>
</testsuites>