<?xml version="1.0" encoding="UTF-8"?>
<testsuites name="Mocha Tests" time="0.428" tests="1" failures="1">
  <testsuite name="Root Suite" timestamp="2024-01-18T10:35:56" tests="0" file="cypress/integration/3-my-examples/12-customCommands.js" time="0.000" failures="0">
  </testsuite>
  <testsuite name="LightHouse test" timestamp="2024-01-18T10:35:56" tests="1" time="0.391" failures="1">
    <testcase name="LightHouse test first lighthouse test" time="0.000" classname="first lighthouse test">
      <failure message="cy.lighthouse is not a function" type="TypeError"><![CDATA[TypeError: cy.lighthouse is not a function
    at Context.eval (https://www.olx.pl/__cypress/tests?p=cypress\integration\3-my-examples\13-lighthouse.js:102:8)]]></failure>
    </testcase>
  </testsuite>
</testsuites>