<?xml version="1.0" encoding="UTF-8"?>
<testsuites name="Mocha Tests" time="6.166" tests="6" failures="0">
  <testsuite name="Root Suite" timestamp="2024-01-18T10:29:48" tests="0" file="cypress/integration/1-getting-started/todo.spec.js" time="0.000" failures="0">
  </testsuite>
  <testsuite name="example to-do app" timestamp="2024-01-18T10:29:48" tests="3" time="0.000" failures="0">
    <testcase name="example to-do app displays two todo items by default" time="1.150" classname="displays two todo items by default">
    </testcase>
    <testcase name="example to-do app can add new todo items" time="0.813" classname="can add new todo items">
    </testcase>
    <testcase name="example to-do app can check off an item as completed" time="0.398" classname="can check off an item as completed">
    </testcase>
  </testsuite>
  <testsuite name="with a checked task" timestamp="2024-01-18T10:29:53" tests="3" time="1.520" failures="0">
    <testcase name="example to-do app with a checked task can filter for uncompleted tasks" time="0.577" classname="can filter for uncompleted tasks">
    </testcase>
    <testcase name="example to-do app with a checked task can filter for completed tasks" time="0.477" classname="can filter for completed tasks">
    </testcase>
    <testcase name="example to-do app with a checked task can delete all completed tasks" time="0.447" classname="can delete all completed tasks">
    </testcase>
  </testsuite>
</testsuites>