<?xml version="1.0" encoding="UTF-8"?>
<testsuites name="Mocha Tests" time="5.959" tests="1" failures="0">
  <testsuite name="Root Suite" timestamp="2024-01-18T10:33:57" tests="0" file="cypress/integration/3-my-examples/1-locators.js" time="0.000" failures="0">
  </testsuite>
  <testsuite name="E2E - Home Page" timestamp="2024-01-18T10:33:57" tests="1" time="5.911" failures="0">
    <testcase name="E2E - Home Page Get items from olx.pl" time="5.611" classname="Get items from olx.pl">
    </testcase>
  </testsuite>
</testsuites>