<?xml version="1.0" encoding="UTF-8"?>
<testsuites name="Mocha Tests" time="16.499" tests="1" failures="1">
  <testsuite name="Root Suite" timestamp="2024-01-18T10:38:18" tests="0" file="cypress/integration/3-my-examples/7-alerts.js" time="0.000" failures="0">
  </testsuite>
  <testsuite name="E2E - File upload" timestamp="2024-01-18T10:38:18" tests="1" time="16.454" failures="1">
    <testcase name="E2E - File upload File upload" time="0.000" classname="File upload">
      <failure message="Timed out retrying after 10000ms: Expected to find element: `#jakiś_selektor`, but never found it." type="AssertionError"><![CDATA[AssertionError: Timed out retrying after 10000ms: Expected to find element: `#jakiś_selektor`, but never found it.
    at Context.eval (https://www.olx.pl/__cypress/tests?p=cypress\integration\3-my-examples\8-file_upload.js:103:8)]]></failure>
    </testcase>
  </testsuite>
</testsuites>