<?xml version="1.0" encoding="UTF-8"?>
<testsuites name="Mocha Tests" time="4.316" tests="5" failures="0">
  <testsuite name="Root Suite" timestamp="2024-01-18T10:32:39" tests="0" file="cypress/integration/2-advanced-examples/querying.spec.js" time="0.000" failures="0">
  </testsuite>
  <testsuite name="Querying" timestamp="2024-01-18T10:32:39" tests="5" time="4.292" failures="0">
    <testcase name="Querying cy.get() - query DOM elements" time="0.618" classname="cy.get() - query DOM elements">
    </testcase>
    <testcase name="Querying cy.contains() - query DOM elements with matching content" time="0.419" classname="cy.contains() - query DOM elements with matching content">
    </testcase>
    <testcase name="Querying .within() - query DOM elements within a specific element" time="0.226" classname=".within() - query DOM elements within a specific element">
    </testcase>
    <testcase name="Querying cy.root() - query the root DOM element" time="0.205" classname="cy.root() - query the root DOM element">
    </testcase>
    <testcase name="Querying best practices - selecting elements" time="1.047" classname="best practices - selecting elements">
    </testcase>
  </testsuite>
</testsuites>